<?xml version="1.0" encoding="UTF-8"?>
<testsuite name="FactorialFinderTest" tests="3" skipped="0" failures="0" errors="0" timestamp="2022-01-17T14:37:43" hostname="DESKTOP-759EMF3" time="0.028">
  <properties/>
  <testcase name="shouldReturnOneTwentyForFive()" classname="FactorialFinderTest" time="0.025"/>
  <testcase name="shouldReturnOneForZero()" classname="FactorialFinderTest" time="0.001"/>
  <testcase name="shouldReturnOneForOne()" classname="FactorialFinderTest" time="0.001"/>
  <system-out><![CDATA[]]></system-out>
  <system-err><![CDATA[]]></system-err>
</testsuite>
